<?xml version="1.0" encoding="UTF-8"?>
<!-- Generated by org.testng.reporters.JUnitReportReporter -->
<testsuite hostname="Abhilash" failures="0" tests="1" name="MMTTestFile.MMTTC_03InvalidCredentails" time="12.623" errors="0" timestamp="2024-09-10T20:44:35 IST" skipped="0">
  <testcase classname="MMTTestFile.MMTTC_03InvalidCredentails" name="ICredentials" time="12.623"/>
  <system-out/>
</testsuite> <!-- MMTTestFile.MMTTC_03InvalidCredentails -->
