<?xml version="1.0" encoding="UTF-8"?>
<!-- Generated by org.testng.reporters.JUnitReportReporter -->
<testsuite hostname="Abhilash" failures="0" tests="1" name="MMTTestFile.MMTTC_14DomesticFlightSearch" time="78.574" errors="0" timestamp="2024-09-11T11:17:30 IST" skipped="0">
  <testcase classname="MMTTestFile.MMTTC_14DomesticFlightSearch" name="DomesticFlight" time="78.574"/>
  <system-out/>
</testsuite> <!-- MMTTestFile.MMTTC_14DomesticFlightSearch -->
