<?xml version="1.0" encoding="UTF-8"?>
<!-- Generated by org.testng.reporters.JUnitReportReporter -->
<testsuite hostname="Abhilash" failures="0" tests="1" name="MMTTestFile.MMTTC_12LoginSearchLogOut" time="37.969" errors="0" timestamp="2024-09-13T09:26:15 IST" skipped="0">
  <testcase classname="MMTTestFile.MMTTC_12LoginSearchLogOut" name="LoginLogout" time="37.969"/>
  <system-out/>
</testsuite> <!-- MMTTestFile.MMTTC_12LoginSearchLogOut -->
