<?xml version="1.0" encoding="UTF-8"?>
<!-- Generated by org.testng.reporters.JUnitReportReporter -->
<testsuite hostname="Abhilash" failures="0" tests="1" name="MMTTestFile.MMTTC_07MultiTrip" time="51.124" errors="0" timestamp="2024-09-10T18:08:20 IST" skipped="0">
  <testcase classname="MMTTestFile.MMTTC_07MultiTrip" name="MultiTrip" time="51.124"/>
  <system-out/>
</testsuite> <!-- MMTTestFile.MMTTC_07MultiTrip -->
