<?xml version="1.0" encoding="UTF-8"?>
<!-- Generated by org.testng.reporters.JUnitReportReporter -->
<testsuite hostname="Abhilash" failures="0" tests="1" name="MMTTestFile.MMTTC_02LoginPage" time="13.509" errors="0" timestamp="2024-09-13T01:20:05 IST" skipped="0">
  <testcase classname="MMTTestFile.MMTTC_02LoginPage" name="login" time="13.509"/>
  <system-out/>
</testsuite> <!-- MMTTestFile.MMTTC_02LoginPage -->
