<?xml version="1.0" encoding="UTF-8"?>
<!-- Generated by org.testng.reporters.JUnitReportReporter -->
<testsuite hostname="Abhilash" failures="0" tests="1" name="MMTTestFile.MMTTC_07MulticityTrip" time="115.677" errors="0" timestamp="2024-09-13T00:01:55 IST" skipped="0">
  <testcase classname="MMTTestFile.MMTTC_07MulticityTrip" name="MulticityFlight" time="115.677"/>
  <system-out/>
</testsuite> <!-- MMTTestFile.MMTTC_07MulticityTrip -->
