<?xml version="1.0" encoding="UTF-8"?>
<!-- Generated by org.testng.reporters.JUnitReportReporter -->
<testsuite hostname="Abhilash" failures="0" tests="1" name="MMTTestFile.MMTTC_03LoginInvalidCredentials" time="13.219" errors="0" timestamp="2024-09-12T21:08:43 IST" skipped="0">
  <testcase classname="MMTTestFile.MMTTC_03LoginInvalidCredentials" name="Incorrectlogin" time="13.219"/>
  <system-out/>
</testsuite> <!-- MMTTestFile.MMTTC_03LoginInvalidCredentials -->
