<?xml version="1.0" encoding="UTF-8"?>
<!-- Generated by org.testng.reporters.JUnitReportReporter -->
<testsuite hostname="Abhilash" failures="0" tests="1" name="Utility.DataDrivenTesting" time="0.810" errors="0" timestamp="2024-09-10T20:41:24 IST" skipped="0">
  <testcase classname="Utility.DataDrivenTesting" name="DDT_01" time="0.810"/>
  <system-out/>
</testsuite> <!-- Utility.DataDrivenTesting -->
