<?xml version="1.0" encoding="UTF-8"?>
<!-- Generated by org.testng.reporters.JUnitReportReporter -->
<testsuite hostname="Abhilash" failures="0" tests="1" name="MMTTestFile.MMTTC_08SeatSelectionProcess" time="7.980" errors="0" timestamp="2024-09-13T10:39:32 IST" skipped="0">
  <testcase classname="MMTTestFile.MMTTC_08SeatSelectionProcess" name="SeatSelection" time="7.980"/>
  <system-out/>
</testsuite> <!-- MMTTestFile.MMTTC_08SeatSelectionProcess -->
