<?xml version="1.0" encoding="UTF-8"?>
<!-- Generated by org.testng.reporters.JUnitReportReporter -->
<testsuite hostname="Abhilash" failures="0" tests="1" name="MMTTestFile.MMT_LaunchQuit" time="4.755" errors="0" timestamp="2024-09-05T19:44:27 IST" skipped="0">
  <testcase classname="MMTTestFile.MMT_LaunchQuit" name="LaunchQuit" time="4.755"/>
</testsuite> <!-- MMTTestFile.MMT_LaunchQuit -->
