<?xml version="1.0" encoding="UTF-8"?>
<!-- Generated by org.testng.reporters.JUnitReportReporter -->
<testsuite hostname="Abhilash" failures="0" tests="1" name="MMTTestFile.MMTTC_04SearchOneWayFlight" time="56.713" errors="0" timestamp="2024-09-12T22:36:38 IST" skipped="0">
  <testcase classname="MMTTestFile.MMTTC_04SearchOneWayFlight" name="SearchFlight" time="56.713"/>
  <system-out>
    <![CDATA[TestCase is Passed]]>
  </system-out>
</testsuite> <!-- MMTTestFile.MMTTC_04SearchOneWayFlight -->
