<?xml version="1.0" encoding="UTF-8"?>
<!-- Generated by org.testng.reporters.JUnitReportReporter -->
<testsuite hostname="Abhilash" failures="0" tests="1" name="MMTTestFile.MMTTC_04SearchOneWayFlight" time="46.563" errors="0" timestamp="2024-09-07T13:16:54 IST" skipped="0">
  <testcase classname="MMTTestFile.MMTTC_04SearchOneWayFlight" name="SearchFlight" time="46.563"/>
</testsuite> <!-- MMTTestFile.MMTTC_04SearchOneWayFlight -->
