<?xml version="1.0" encoding="UTF-8"?>
<!-- Generated by org.testng.reporters.JUnitReportReporter -->
<testsuite hostname="Abhilash" failures="0" tests="1" name="MMTTestFile.MMTTC_ClosingTab" time="7.340" errors="0" timestamp="2024-09-07T13:16:54 IST" skipped="0">
  <testcase classname="MMTTestFile.MMTTC_ClosingTab" name="SearchFunctinality" time="7.340"/>
</testsuite> <!-- MMTTestFile.MMTTC_ClosingTab -->
